<<<<<<< HEAD
[debug] [2024-09-14T06:01:41.568Z] ----------------------------------------------------------------------
[debug] [2024-09-14T06:01:41.570Z] Command:       C:\Program Files\nodejs\node.exe C:\Users\HP\AppData\Roaming\npm\node_modules\firebase-tools\lib\bin\firebase.js init hosting
[debug] [2024-09-14T06:01:41.571Z] CLI Version:   13.17.0
[debug] [2024-09-14T06:01:41.571Z] Platform:      win32
[debug] [2024-09-14T06:01:41.571Z] Node Version:  v18.17.1
[debug] [2024-09-14T06:01:41.572Z] Time:          Sat Sep 14 2024 11:31:41 GMT+0530 (India Standard Time)
[debug] [2024-09-14T06:01:41.572Z] ----------------------------------------------------------------------
[debug] 
[debug] [2024-09-14T06:01:41.639Z] > command requires scopes: ["email","openid","https://www.googleapis.com/auth/cloudplatformprojects.readonly","https://www.googleapis.com/auth/firebase","https://www.googleapis.com/auth/cloud-platform"]
[debug] [2024-09-14T06:01:41.639Z] > authorizing via signed-in user (bhuvanshyam2022@gmail.com)
=======
[debug] [2024-09-14T05:38:10.311Z] ----------------------------------------------------------------------
[debug] [2024-09-14T05:38:10.313Z] Command:       C:\Program Files\nodejs\node.exe C:\Users\HP\AppData\Roaming\npm\node_modules\firebase-tools\lib\bin\firebase.js init
[debug] [2024-09-14T05:38:10.313Z] CLI Version:   13.17.0
[debug] [2024-09-14T05:38:10.313Z] Platform:      win32
[debug] [2024-09-14T05:38:10.314Z] Node Version:  v18.17.1
[debug] [2024-09-14T05:38:10.314Z] Time:          Sat Sep 14 2024 11:08:10 GMT+0530 (India Standard Time)
[debug] [2024-09-14T05:38:10.314Z] ----------------------------------------------------------------------
[debug] 
[debug] [2024-09-14T05:38:10.318Z] >>> [apiv2][query] GET https://firebase-public.firebaseio.com/cli.json [none]
[debug] [2024-09-14T05:38:10.360Z] > command requires scopes: ["email","openid","https://www.googleapis.com/auth/cloudplatformprojects.readonly","https://www.googleapis.com/auth/firebase","https://www.googleapis.com/auth/cloud-platform"]
[debug] [2024-09-14T05:38:10.360Z] > authorizing via signed-in user (bhuvanshyam2022@gmail.com)
>>>>>>> origin/main
[info] 
     ######## #### ########  ######## ########     ###     ######  ########
     ##        ##  ##     ## ##       ##     ##  ##   ##  ##       ##
     ######    ##  ########  ######   ########  #########  ######  ######
     ##        ##  ##    ##  ##       ##     ## ##     ##       ## ##
     ##       #### ##     ## ######## ########  ##     ##  ######  ########

You're about to initialize a Firebase project in this directory:

<<<<<<< HEAD
  E:\Machine test\frontend

Before we get started, keep in mind:

  * You are initializing within an existing Firebase project directory

=======
  E:\Machine test

[debug] [2024-09-14T05:38:10.992Z] <<< [apiv2][status] GET https://firebase-public.firebaseio.com/cli.json 200
[debug] [2024-09-14T05:38:10.994Z] <<< [apiv2][body] GET https://firebase-public.firebaseio.com/cli.json {"cloudBuildErrorAfter":1594252800000,"cloudBuildWarnAfter":1590019200000,"defaultNode10After":1594252800000,"minVersion":"3.0.5","node8DeploysDisabledAfter":1613390400000,"node8RuntimeDisabledAfter":1615809600000,"node8WarnAfter":1600128000000}
>>>>>>> origin/main
